<?xml version="1.0" encoding="UTF-8"?>
<!-- Generated by org.testng.reporters.JUnitReportReporter -->
<testsuite hostname="DESKTOP-2VVSUUT" failures="0" tests="6" name="com.TestCase.TestcasesParallel2" time="0.172" errors="0" timestamp="10 Dec 2019 11:12:14 GMT" skipped="0">
  <testcase classname="com.TestCase.TestcasesParallel2" name="suriya" time="0.115"/>
  <testcase classname="com.TestCase.TestcasesParallel2" name="suriya" time="0.008"/>
  <testcase classname="com.TestCase.TestcasesParallel2" name="vijay" time="0.020"/>
  <testcase classname="com.TestCase.TestcasesParallel2" name="vijay" time="0.005"/>
  <testcase classname="com.TestCase.TestcasesParallel2" name="rajni" time="0.020"/>
  <testcase classname="com.TestCase.TestcasesParallel2" name="rajni" time="0.004"/>
</testsuite> <!-- com.TestCase.TestcasesParallel2 -->
