<?xml version="1.0" encoding="UTF-8"?>
<!-- Generated by org.testng.reporters.JUnitReportReporter -->
<testsuite hostname="DESKTOP-2VVSUUT" failures="0" tests="2" name="com.wd.tng.ParallelTC" time="20.554" errors="0" timestamp="08 Jan 2020 10:55:43 GMT" skipped="0">
  <testcase classname="com.wd.tng.ParallelTC" name="test" time="9.984"/>
  <testcase classname="com.wd.tng.ParallelTC" name="test" time="10.570"/>
</testsuite> <!-- com.wd.tng.ParallelTC -->
