<?xml version="1.0" encoding="UTF-8"?>
<!-- Generated by org.testng.reporters.JUnitReportReporter -->
<testsuite hostname="DESKTOP-2VVSUUT" failures="0" tests="3" name="com.TestCase.Loans" time="0.059" errors="0" timestamp="13 Nov 2019 11:33:24 GMT" skipped="0">
  <testcase classname="com.TestCase.Loans" name="carloan" time="0.007"/>
  <testcase classname="com.TestCase.Loans" name="Homeloans" time="0.048"/>
  <testcase classname="com.TestCase.Loans" name="personalloan" time="0.004"/>
</testsuite> <!-- com.TestCase.Loans -->
