<?xml version="1.0" encoding="UTF-8"?>
<!-- Generated by org.testng.reporters.JUnitReportReporter -->
<testsuite hostname="DESKTOP-2VVSUUT" failures="0" tests="1" name="com.wd.util.ExtentReportswithTestNG" time="33.567" errors="0" timestamp="02 Jan 2020 06:45:29 GMT" skipped="0">
  <testcase classname="com.wd.util.ExtentReportswithTestNG" name="test1" time="33.567"/>
</testsuite> <!-- com.wd.util.ExtentReportswithTestNG -->
