<?xml version="1.0" encoding="UTF-8"?>
<!-- Generated by org.testng.reporters.JUnitReportReporter -->
<testsuite hostname="DESKTOP-2VVSUUT" failures="0" tests="1" name="com.TestCase.TC_RegisterationPage_001" time="46.158" errors="0" timestamp="26 Dec 2019 11:35:37 GMT" skipped="0">
  <testcase classname="com.TestCase.TC_RegisterationPage_001" name="siteRegistrationPage" time="46.158"/>
</testsuite> <!-- com.TestCase.TC_RegisterationPage_001 -->
