<?xml version="1.0" encoding="UTF-8"?>
<!-- Generated by org.testng.reporters.JUnitReportReporter -->
<testsuite hostname="DESKTOP-2VVSUUT" failures="0" tests="6" name="com.TestCase.TestcasesParallel" time="6.213" errors="0" timestamp="10 Dec 2019 15:52:35 GMT" skipped="0">
  <testcase classname="com.TestCase.TestcasesParallel" name="firstname" time="1.852"/>
  <testcase classname="com.TestCase.TestcasesParallel" name="firstname" time="2.341"/>
  <testcase classname="com.TestCase.TestcasesParallel" name="lastname" time="0.340"/>
  <testcase classname="com.TestCase.TestcasesParallel" name="lastname" time="0.458"/>
  <testcase classname="com.TestCase.TestcasesParallel" name="mail" time="0.894"/>
  <testcase classname="com.TestCase.TestcasesParallel" name="mail" time="0.328"/>
</testsuite> <!-- com.TestCase.TestcasesParallel -->
