<?xml version="1.0" encoding="UTF-8"?>
<!-- Generated by org.testng.reporters.JUnitReportReporter -->
<testsuite hostname="DESKTOP-2VVSUUT" failures="0" tests="2" name="testselenium.Tests" time="12.696" errors="0" timestamp="03 Jan 2020 07:51:03 GMT" skipped="0">
  <testcase classname="testselenium.Tests" name="test2" time="7.140"/>
  <testcase classname="testselenium.Tests" name="test1" time="5.556"/>
</testsuite> <!-- testselenium.Tests -->
