<?xml version="1.0" encoding="UTF-8"?>
<!-- Generated by org.testng.reporters.JUnitReportReporter -->
<testsuite hostname="DESKTOP-2VVSUUT" failures="0" tests="2" name="Bradsol.TestData" time="41.514" errors="0" timestamp="02 Feb 2020 04:51:07 GMT" skipped="0">
  <testcase classname="Bradsol.TestData" name="login" time="30.426"/>
  <testcase classname="Bradsol.TestData" name="login" time="11.088"/>
</testsuite> <!-- Bradsol.TestData -->
