<?xml version="1.0" encoding="UTF-8"?>
<!-- Generated by org.testng.reporters.JUnitReportReporter -->
<testsuite hostname="DESKTOP-2VVSUUT" failures="0" tests="1" name="com.wd.util.demoTESTNG" time="93.774" errors="0" timestamp="21 Nov 2019 05:31:53 GMT" skipped="0">
  <testcase classname="com.wd.util.demoTESTNG" name="f" time="93.774"/>
</testsuite> <!-- com.wd.util.demoTESTNG -->
