<?xml version="1.0" encoding="UTF-8"?>
<!-- Generated by org.testng.reporters.JUnitReportReporter -->
<testsuite hostname="DESKTOP-2VVSUUT" failures="0" tests="3" name="testselenium.testngignoredemo" time="0.053" errors="0" timestamp="06 Nov 2019 09:42:07 GMT" skipped="1">
  <testcase classname="testselenium.testngignoredemo" name="end" time="0.045"/>
  <testcase classname="testselenium.testngignoredemo" name="start" time="0.008"/>
  <testcase classname="testselenium.testngignoredemo" name="run">
    <skipped/>
  </testcase> <!-- run -->
</testsuite> <!-- testselenium.testngignoredemo -->
