<?xml version="1.0" encoding="UTF-8"?>
<!-- Generated by org.testng.reporters.JUnitReportReporter -->
<testsuite hostname="DESKTOP-2VVSUUT" failures="0" tests="5" name="Bradsol.Bradsol_TC_01" time="66.822" errors="0" timestamp="19 Jan 2020 08:21:02 GMT" skipped="0">
  <testcase classname="Bradsol.Bradsol_TC_01" name="Homepage" time="12.255"/>
  <testcase classname="Bradsol.Bradsol_TC_01" name="Loginpage" time="23.816"/>
  <testcase classname="Bradsol.Bradsol_TC_01" name="AddNewPurchase" time="16.748"/>
  <testcase classname="Bradsol.Bradsol_TC_01" name="SearchPO" time="4.884"/>
  <testcase classname="Bradsol.Bradsol_TC_01" name="EditPO" time="9.119"/>
</testsuite> <!-- Bradsol.Bradsol_TC_01 -->
