<?xml version="1.0" encoding="UTF-8"?>
<!-- Generated by org.testng.reporters.JUnitReportReporter -->
<testsuite hostname="DESKTOP-2VVSUUT" failures="0" tests="3" name="testselenium.dataproviderWITHtestNG" time="111.240" errors="0" timestamp="02 Jan 2020 08:01:30 GMT" skipped="0">
  <testcase classname="testselenium.dataproviderWITHtestNG" name="loginpage" time="43.510"/>
  <testcase classname="testselenium.dataproviderWITHtestNG" name="loginpage" time="34.840"/>
  <testcase classname="testselenium.dataproviderWITHtestNG" name="loginpage" time="32.890"/>
</testsuite> <!-- testselenium.dataproviderWITHtestNG -->
