<?xml version="1.0" encoding="UTF-8"?>
<!-- Generated by org.testng.reporters.JUnitReportReporter -->
<testsuite hostname="DESKTOP-2VVSUUT" failures="0" tests="2" name="com.Pages.NewTest" time="0.028" errors="0" timestamp="06 Nov 2019 07:11:54 GMT" skipped="1">
  <testcase classname="com.Pages.NewTest" name="C" time="0.028"/>
  <testcase classname="com.Pages.NewTest" name="B">
    <skipped/>
  </testcase> <!-- B -->
</testsuite> <!-- com.Pages.NewTest -->
