<?xml version="1.0" encoding="UTF-8"?>
<!-- Generated by org.testng.reporters.JUnitReportReporter -->
<testsuite hostname="DESKTOP-2VVSUUT" failures="0" tests="1" name="com.TestCase.Banks" time="0.035" errors="0" timestamp="13 Nov 2019 12:24:06 GMT" skipped="0">
  <testcase classname="com.TestCase.Banks" name="SBI" time="0.035"/>
</testsuite> <!-- com.TestCase.Banks -->
