<?xml version="1.0" encoding="UTF-8"?>
<!-- Generated by org.testng.reporters.JUnitReportReporter -->
<testsuite hostname="DESKTOP-2VVSUUT" failures="0" tests="2" name="com.wd.tng.Testcase_001" time="16.817" errors="0" timestamp="03 Jan 2020 13:23:20 GMT" skipped="0">
  <testcase classname="com.wd.tng.Testcase_001" name="login" time="6.084"/>
  <testcase classname="com.wd.tng.Testcase_001" name="AddEmpdetails" time="10.733"/>
</testsuite> <!-- com.wd.tng.Testcase_001 -->
