<?xml version="1.0" encoding="UTF-8"?>
<!-- Generated by org.testng.reporters.JUnitReportReporter -->
<testsuite hostname="DESKTOP-2VVSUUT" failures="0" tests="1" name="Helper.calenderdatehandling2" time="21.044" errors="0" timestamp="17 Nov 2019 13:34:01 GMT" skipped="0">
  <testcase classname="Helper.calenderdatehandling2" name="Datehandling" time="21.044"/>
</testsuite> <!-- Helper.calenderdatehandling2 -->
