<?xml version="1.0" encoding="UTF-8"?>
<!-- Generated by org.testng.reporters.JUnitReportReporter -->
<testsuite hostname="DESKTOP-2VVSUUT" failures="0" tests="5" name="Bradsol.Bradsol_TC_ExtentReport_01" time="38.996" errors="0" timestamp="29 Jan 2020 03:52:40 GMT" skipped="0">
  <testcase classname="Bradsol.Bradsol_TC_ExtentReport_01" name="Homepage" time="6.940"/>
  <testcase classname="Bradsol.Bradsol_TC_ExtentReport_01" name="Loginpage" time="11.246"/>
  <testcase classname="Bradsol.Bradsol_TC_ExtentReport_01" name="AddNewPurchase" time="13.222"/>
  <testcase classname="Bradsol.Bradsol_TC_ExtentReport_01" name="SearchPO" time="2.278"/>
  <testcase classname="Bradsol.Bradsol_TC_ExtentReport_01" name="EditPO" time="5.310"/>
</testsuite> <!-- Bradsol.Bradsol_TC_ExtentReport_01 -->
