<?xml version="1.0" encoding="UTF-8"?>
<!-- Generated by org.testng.reporters.JUnitReportReporter -->
<testsuite hostname="DESKTOP-2VVSUUT" failures="0" tests="2" name="com.TestCase.sampletestCases" time="0.044" errors="0" timestamp="11 Dec 2019 12:24:20 GMT" skipped="0">
  <testcase classname="com.TestCase.sampletestCases" name="setup" time="0.028"/>
  <testcase classname="com.TestCase.sampletestCases" name="setup1" time="0.016"/>
</testsuite> <!-- com.TestCase.sampletestCases -->
