<?xml version="1.0" encoding="UTF-8"?>
<!-- Generated by org.testng.reporters.JUnitReportReporter -->
<testsuite hostname="DESKTOP-2VVSUUT" failures="0" tests="2" name="Helper.Facebook_01" time="32.914" errors="0" timestamp="02 Feb 2020 06:47:11 GMT" skipped="0">
  <testcase classname="Helper.Facebook_01" name="loginpage" time="1.009"/>
  <testcase classname="Helper.Facebook_01" name="newaccount" time="31.905"/>
</testsuite> <!-- Helper.Facebook_01 -->
