<?xml version="1.0" encoding="UTF-8"?>
<!-- Generated by org.testng.reporters.JUnitReportReporter -->
<testsuite hostname="DESKTOP-2VVSUUT" failures="0" tests="1" name="TestNgbasics.NewTest" time="21.460" errors="0" timestamp="30 Oct 2019 07:52:37 GMT" skipped="0">
  <testcase classname="TestNgbasics.NewTest" name="f" time="21.460"/>
</testsuite> <!-- TestNgbasics.NewTest -->
