<?xml version="1.0" encoding="UTF-8"?>
<!-- Generated by org.testng.reporters.JUnitReportReporter -->
<testsuite hostname="DESKTOP-2VVSUUT" failures="0" tests="3" name="excelTest.ReadDatainExcelsheet3" time="0.047" errors="0" timestamp="19 Nov 2019 16:07:54 GMT" skipped="0">
  <testcase classname="excelTest.ReadDatainExcelsheet3" name="test" time="0.015"/>
  <testcase classname="excelTest.ReadDatainExcelsheet3" name="test" time="0.016"/>
  <testcase classname="excelTest.ReadDatainExcelsheet3" name="test" time="0.016"/>
</testsuite> <!-- excelTest.ReadDatainExcelsheet3 -->
