<?xml version="1.0" encoding="UTF-8"?>
<!-- Generated by org.testng.reporters.JUnitReportReporter -->
<testsuite hostname="DESKTOP-2VVSUUT" failures="0" tests="3" name="listeners.TestNGlistenersdemo" time="62.242" errors="0" timestamp="25 Sep 2019 09:40:56 GMT" skipped="0">
  <testcase classname="listeners.TestNGlistenersdemo" name="openbrowser" time="48.283"/>
  <testcase classname="listeners.TestNGlistenersdemo" name="loginpage" time="10.725"/>
  <testcase classname="listeners.TestNGlistenersdemo" name="closebrowser" time="3.234"/>
</testsuite> <!-- listeners.TestNGlistenersdemo -->
