<?xml version="1.0" encoding="UTF-8"?>
<!-- Generated by org.testng.reporters.JUnitReportReporter -->
<testsuite hostname="DESKTOP-2VVSUUT" failures="0" tests="2" name="TestNgbasics.RetryFailedTESTNG" time="0.052" errors="0" timestamp="03 Oct 2019 10:36:41 GMT" skipped="0">
  <testcase classname="TestNgbasics.RetryFailedTESTNG" name="test1" time="0.040"/>
  <testcase classname="TestNgbasics.RetryFailedTESTNG" name="test3" time="0.012"/>
</testsuite> <!-- TestNgbasics.RetryFailedTESTNG -->
