<?xml version="1.0" encoding="UTF-8"?>
<!-- Generated by org.testng.reporters.JUnitReportReporter -->
<testsuite hostname="DESKTOP-2VVSUUT" failures="0" tests="4" name="listeners.dependsON" time="0.047" errors="0" timestamp="27 Sep 2019 10:33:43 GMT" skipped="0">
  <testcase classname="listeners.dependsON" name="test4" time="0.000"/>
  <testcase classname="listeners.dependsON" name="test2" time="0.031"/>
  <testcase classname="listeners.dependsON" name="test1" time="0.000"/>
  <testcase classname="listeners.dependsON" name="test3" time="0.016"/>
</testsuite> <!-- listeners.dependsON -->
