<?xml version="1.0" encoding="UTF-8"?>
<!-- Generated by org.testng.reporters.JUnitReportReporter -->
<testsuite hostname="DESKTOP-2VVSUUT" failures="0" tests="1" name="testselenium.Excelobject" time="0.000" errors="0" timestamp="22 Sep 2019 07:25:54 GMT" skipped="1">
  <testcase classname="testselenium.Excelobject" name="test" time="0.000">
    <skipped/>
  </testcase> <!-- test -->
</testsuite> <!-- testselenium.Excelobject -->
