<?xml version="1.0" encoding="UTF-8"?>
<!-- Generated by org.testng.reporters.JUnitReportReporter -->
<testsuite hostname="DESKTOP-2VVSUUT" failures="0" tests="3" name="listeners.TestNGlistenersdemo3" time="0.048" errors="0" timestamp="25 Sep 2019 09:40:56 GMT" skipped="1">
  <testcase classname="listeners.TestNGlistenersdemo3" name="test4" time="0.008"/>
  <testcase classname="listeners.TestNGlistenersdemo3" name="test5" time="0.008"/>
  <testcase classname="listeners.TestNGlistenersdemo3" name="test6" time="0.032">
    <skipped/>
  </testcase> <!-- test6 -->
</testsuite> <!-- listeners.TestNGlistenersdemo3 -->
