<?xml version="1.0" encoding="UTF-8"?>
<!-- Generated by org.testng.reporters.JUnitReportReporter -->
<testsuite hostname="DESKTOP-2VVSUUT" failures="0" tests="3" name="listeners.TestNGlistenersdemo" time="68.417" errors="0" timestamp="31 Oct 2019 07:31:39 GMT" skipped="1">
  <testcase classname="listeners.TestNGlistenersdemo" name="openbrowser" time="42.558"/>
  <testcase classname="listeners.TestNGlistenersdemo" name="loginpage1" time="3.192"/>
  <testcase classname="listeners.TestNGlistenersdemo" name="closebrowser" time="22.667">
    <skipped/>
  </testcase> <!-- closebrowser -->
</testsuite> <!-- listeners.TestNGlistenersdemo -->
