<?xml version="1.0" encoding="UTF-8"?>
<!-- Generated by org.testng.reporters.JUnitReportReporter -->
<testsuite hostname="DESKTOP-2VVSUUT" failures="0" tests="3" name="listeners.TestNGlistenersdemo2" time="0.054" errors="0" timestamp="27 Sep 2019 09:53:20 GMT" skipped="0">
  <testcase classname="listeners.TestNGlistenersdemo2" name="test1" time="0.000"/>
  <testcase classname="listeners.TestNGlistenersdemo2" name="test2" time="0.039"/>
  <testcase classname="listeners.TestNGlistenersdemo2" name="test3" time="0.015"/>
</testsuite> <!-- listeners.TestNGlistenersdemo2 -->
