<?xml version="1.0" encoding="UTF-8"?>
<!-- Generated by org.testng.reporters.JUnitReportReporter -->
<testsuite hostname="DESKTOP-2VVSUUT" failures="0" tests="1" name="excelTest.Exceldataprovider" time="0.000" errors="0" timestamp="02 Nov 2019 13:14:51 GMT" skipped="1">
  <testcase classname="excelTest.Exceldataprovider" name="testcase1" time="0.000">
    <skipped/>
  </testcase> <!-- testcase1 -->
</testsuite> <!-- excelTest.Exceldataprovider -->
