<?xml version="1.0" encoding="UTF-8"?>
<!-- Generated by org.testng.reporters.JUnitReportReporter -->
<testsuite hostname="DESKTOP-2VVSUUT" failures="0" tests="3" name="listeners.TestNGlistenersdemo" time="87.462" errors="0" timestamp="20 Dec 2019 05:13:35 GMT" skipped="0">
  <testcase classname="listeners.TestNGlistenersdemo" name="openbrowser" time="66.311"/>
  <testcase classname="listeners.TestNGlistenersdemo" name="loginpage1" time="5.377"/>
  <testcase classname="listeners.TestNGlistenersdemo" name="closebrowser" time="15.774"/>
</testsuite> <!-- listeners.TestNGlistenersdemo -->
