<?xml version="1.0" encoding="UTF-8"?>
<!-- Generated by org.testng.reporters.JUnitReportReporter -->
<testsuite hostname="DESKTOP-2VVSUUT" failures="0" tests="4" name="listeners.dependsON" time="0.051" errors="0" timestamp="20 Dec 2019 04:48:48 GMT" skipped="0">
  <testcase classname="listeners.dependsON" name="test2" time="0.004"/>
  <testcase classname="listeners.dependsON" name="test4" time="0.002"/>
  <testcase classname="listeners.dependsON" name="test1" time="0.041"/>
  <testcase classname="listeners.dependsON" name="test3" time="0.004"/>
</testsuite> <!-- listeners.dependsON -->
