<?xml version="1.0" encoding="UTF-8"?>
<!-- Generated by org.testng.reporters.JUnitReportReporter -->
<testsuite hostname="DESKTOP-2VVSUUT" failures="0" tests="1" name="TestNgbasics.Assertiontest" time="0.056" errors="0" timestamp="24 Nov 2019 06:22:03 GMT" skipped="0">
  <testcase classname="TestNgbasics.Assertiontest" name="Test" time="0.056"/>
</testsuite> <!-- TestNgbasics.Assertiontest -->
