<?xml version="1.0" encoding="UTF-8"?>
<!-- Generated by org.testng.reporters.JUnitReportReporter -->
<testsuite hostname="DESKTOP-2VVSUUT" failures="0" tests="1" name="TestNgbasics.demoTest" time="0.028" errors="0" timestamp="13 Sep 2019 09:47:17 GMT" skipped="0">
  <testcase classname="TestNgbasics.demoTest" name="method1" time="0.028"/>
</testsuite> <!-- TestNgbasics.demoTest -->
