<?xml version="1.0" encoding="UTF-8"?>
<!-- Generated by org.testng.reporters.JUnitReportReporter -->
<testsuite hostname="DESKTOP-2VVSUUT" failures="0" tests="2" name="TestNgbasics.GroupsINTestNG" time="0.036" errors="0" timestamp="25 Nov 2019 08:59:23 GMT" skipped="0">
  <testcase classname="TestNgbasics.GroupsINTestNG" name="test2" time="0.030"/>
  <testcase classname="TestNgbasics.GroupsINTestNG" name="test3" time="0.006"/>
</testsuite> <!-- TestNgbasics.GroupsINTestNG -->
