<?xml version="1.0" encoding="UTF-8"?>
<!-- Generated by org.testng.reporters.JUnitReportReporter -->
<testsuite hostname="DESKTOP-2VVSUUT" failures="0" tests="2" name="TestNgbasics.TESTNGParametersSAMPLE" time="0.048" errors="0" timestamp="25 Nov 2019 07:17:31 GMT" skipped="0">
  <testcase classname="TestNgbasics.TESTNGParametersSAMPLE" name="test" time="0.036"/>
  <testcase classname="TestNgbasics.TESTNGParametersSAMPLE" name="test1" time="0.012"/>
</testsuite> <!-- TestNgbasics.TESTNGParametersSAMPLE -->
