<?xml version="1.0" encoding="UTF-8"?>
<!-- Generated by org.testng.reporters.JUnitReportReporter -->
<testsuite hostname="DESKTOP-2VVSUUT" failures="0" tests="3" name="listeners.TestNGlistenersdemo3" time="0.024" errors="0" timestamp="31 Oct 2019 07:07:47 GMT" skipped="0">
  <testcase classname="listeners.TestNGlistenersdemo3" name="a_1" time="0.005"/>
  <testcase classname="listeners.TestNGlistenersdemo3" name="a_0" time="0.019"/>
  <testcase classname="listeners.TestNGlistenersdemo3" name="a_2" time="0.000"/>
</testsuite> <!-- listeners.TestNGlistenersdemo3 -->
