<?xml version="1.0" encoding="UTF-8"?>
<!-- Generated by org.testng.reporters.JUnitReportReporter -->
<testsuite hostname="DESKTOP-2VVSUUT" failures="0" tests="2" name="TestNgbasics.testngdemogroups" time="0.040" errors="0" timestamp="25 Nov 2019 07:45:17 GMT" skipped="0">
  <testcase classname="TestNgbasics.testngdemogroups" name="TEST" time="0.032"/>
  <testcase classname="TestNgbasics.testngdemogroups" name="TEST1" time="0.008"/>
</testsuite> <!-- TestNgbasics.testngdemogroups -->
