<?xml version="1.0" encoding="UTF-8"?>
<!-- Generated by org.testng.reporters.JUnitReportReporter -->
<testsuite hostname="DESKTOP-2VVSUUT" failures="0" tests="1" name="listeners.verifytitle" time="48.998" errors="0" timestamp="18 Nov 2019 11:10:56 GMT" skipped="0">
  <testcase classname="listeners.verifytitle" name="verifypagetitle" time="48.998"/>
</testsuite> <!-- listeners.verifytitle -->
